  Camera.cpp
  Collider.cpp
  EventHandler.cpp
  GL2D.cpp
  GL3D.cpp
  GLObject.cpp
  GLUTCallbacks.cpp
C:\Users\G019382n\Documents\GitHub\IntroToGraphicsProgramming\G019382N-IntroGraphicsProgramming\Main.h(9,10): warning C4067: unexpected tokens following preprocessor directive - expected a newline
C:\Users\G019382n\Documents\GitHub\IntroToGraphicsProgramming\G019382N-IntroGraphicsProgramming\GLUTCallbacks.cpp(124,85): warning C4244: 'argument': conversion from 'int' to 'float', possible loss of data
C:\Users\G019382n\Documents\GitHub\IntroToGraphicsProgramming\G019382N-IntroGraphicsProgramming\GLUTCallbacks.cpp(124,61): warning C4244: 'argument': conversion from 'int' to 'float', possible loss of data
C:\Users\G019382n\Documents\GitHub\IntroToGraphicsProgramming\G019382N-IntroGraphicsProgramming\GLUTCallbacks.cpp(125,42): warning C4244: 'argument': conversion from 'int' to 'float', possible loss of data
C:\Users\G019382n\Documents\GitHub\IntroToGraphicsProgramming\G019382N-IntroGraphicsProgramming\GLUTCallbacks.cpp(125,39): warning C4244: 'argument': conversion from 'int' to 'float', possible loss of data
C:\Users\G019382n\Documents\GitHub\IntroToGraphicsProgramming\G019382N-IntroGraphicsProgramming\GLUTCallbacks.cpp(128,23): warning C4244: '=': conversion from 'int' to 'float', possible loss of data
C:\Users\G019382n\Documents\GitHub\IntroToGraphicsProgramming\G019382N-IntroGraphicsProgramming\GLUTCallbacks.cpp(129,23): warning C4244: '=': conversion from 'int' to 'float', possible loss of data
  ImageReader.cpp
  LightingManager.cpp
  Main.cpp
C:\Users\G019382n\Documents\GitHub\IntroToGraphicsProgramming\G019382N-IntroGraphicsProgramming\Main.h(9,10): warning C4067: unexpected tokens following preprocessor directive - expected a newline
C:\Users\G019382n\Documents\GitHub\IntroToGraphicsProgramming\G019382N-IntroGraphicsProgramming\Main.cpp(93,21): warning C4305: 'argument': truncation from 'double' to 'float'
C:\Users\G019382n\Documents\GitHub\IntroToGraphicsProgramming\G019382N-IntroGraphicsProgramming\Main.cpp(225,38): warning C4244: '=': conversion from 'float' to 'int', possible loss of data
  MathUtils.cpp
  Mesh.cpp
  ModelLoader.cpp
  Renderer3D.cpp
C:\Users\G019382n\Documents\GitHub\IntroToGraphicsProgramming\G019382N-IntroGraphicsProgramming\Renderer3D.cpp(101,58): warning C4267: '+=': conversion from 'size_t' to 'int', possible loss of data
C:\Users\G019382n\Documents\GitHub\IntroToGraphicsProgramming\G019382N-IntroGraphicsProgramming\Renderer3D.cpp(102,59): warning C4267: '+=': conversion from 'size_t' to 'int', possible loss of data
C:\Users\G019382n\Documents\GitHub\IntroToGraphicsProgramming\G019382N-IntroGraphicsProgramming\Renderer3D.cpp(103,60): warning C4267: '+=': conversion from 'size_t' to 'int', possible loss of data
  SceneObject.cpp
  Sphere.cpp
  SphereCollider.cpp
  Generating Code...
C:\Users\G019382n\Documents\GitHub\IntroToGraphicsProgramming\G019382N-IntroGraphicsProgramming\LinkedList.h(231): warning C4715: 'LinkedList::GetAllObjects': not all control paths return a value
GLUTCallbacks.obj : error LNK2019: unresolved external symbol __imp_glutWarpPointer referenced in function "void __cdecl GLUTCallbacks::MouseClick(int,int,int,int)" (?MouseClick@GLUTCallbacks@@YAXHHHH@Z)
GLUTCallbacks.obj : error LNK2019: unresolved external symbol __imp_glutSetCursor referenced in function "void __cdecl GLUTCallbacks::MouseClick(int,int,int,int)" (?MouseClick@GLUTCallbacks@@YAXHHHH@Z)
GLUTCallbacks.obj : error LNK2019: unresolved external symbol __imp_glutTimerFunc referenced in function "void __cdecl GLUTCallbacks::Timer(int)" (?Timer@GLUTCallbacks@@YAXH@Z)
Main.obj : error LNK2001: unresolved external symbol __imp_glutTimerFunc
GLUTCallbacks.obj : error LNK2019: unresolved external symbol __imp_glutGet referenced in function "void __cdecl GLUTCallbacks::Timer(int)" (?Timer@GLUTCallbacks@@YAXH@Z)
Main.obj : error LNK2001: unresolved external symbol __imp_glutGet
Main.obj : error LNK2019: unresolved external symbol __imp_glutInitWindowSize referenced in function "public: __cdecl Main::Main(int,char * * const)" (??0Main@@QEAA@HQEAPEAD@Z)
Main.obj : error LNK2019: unresolved external symbol __imp_glutInitDisplayMode referenced in function "public: __cdecl Main::Main(int,char * * const)" (??0Main@@QEAA@HQEAPEAD@Z)
Main.obj : error LNK2019: unresolved external symbol __imp_glutMainLoop referenced in function "public: __cdecl Main::Main(int,char * * const)" (??0Main@@QEAA@HQEAPEAD@Z)
Main.obj : error LNK2019: unresolved external symbol __imp_glutFullScreen referenced in function "public: __cdecl Main::Main(int,char * * const)" (??0Main@@QEAA@HQEAPEAD@Z)
Main.obj : error LNK2019: unresolved external symbol __imp_glutPostRedisplay referenced in function "public: void __cdecl Camera::ReBuildProjectionMatrix(void)" (?ReBuildProjectionMatrix@Camera@@QEAAXXZ)
Main.obj : error LNK2019: unresolved external symbol __imp_glutSwapBuffers referenced in function "public: void __cdecl Main::Display(void)" (?Display@Main@@QEAAXXZ)
Main.obj : error LNK2019: unresolved external symbol __imp_glutKeyboardFunc referenced in function "public: __cdecl Main::Main(int,char * * const)" (??0Main@@QEAA@HQEAPEAD@Z)
Main.obj : error LNK2019: unresolved external symbol __imp_glutReshapeFunc referenced in function "public: __cdecl Main::Main(int,char * * const)" (??0Main@@QEAA@HQEAPEAD@Z)
Main.obj : error LNK2019: unresolved external symbol __imp_glutDisplayFunc referenced in function "public: __cdecl Main::Main(int,char * * const)" (??0Main@@QEAA@HQEAPEAD@Z)
Main.obj : error LNK2019: unresolved external symbol __imp_glutMouseFunc referenced in function "public: __cdecl Main::Main(int,char * * const)" (??0Main@@QEAA@HQEAPEAD@Z)
Main.obj : error LNK2019: unresolved external symbol __imp_glutMotionFunc referenced in function "public: __cdecl Main::Main(int,char * * const)" (??0Main@@QEAA@HQEAPEAD@Z)
Main.obj : error LNK2019: unresolved external symbol __imp_glutKeyboardUpFunc referenced in function "public: __cdecl Main::Main(int,char * * const)" (??0Main@@QEAA@HQEAPEAD@Z)
Main.obj : error LNK2019: unresolved external symbol __imp___glutInitWithExit referenced in function glutInit_ATEXIT_HACK
Main.obj : error LNK2019: unresolved external symbol __imp___glutCreateWindowWithExit referenced in function glutCreateWindow_ATEXIT_HACK
Main.obj : error LNK2019: unresolved external symbol __imp_glutBitmapString referenced in function "public: void __cdecl Main::DrawTextAtPos(char const *,struct Vector2)" (?DrawTextAtPos@Main@@QEAAXPEBDUVector2@@@Z)
Main.obj : error LNK2019: unresolved external symbol __imp_glutInitContextVersion referenced in function "public: __cdecl Main::Main(int,char * * const)" (??0Main@@QEAA@HQEAPEAD@Z)
Sphere.obj : error LNK2019: unresolved external symbol __imp_glutWireSphere referenced in function "public: void __cdecl Sphere::Draw(struct Vector3)" (?Draw@Sphere@@QEAAXUVector3@@@Z)
freeglut.lib : warning LNK4272: library machine type 'x86' conflicts with target machine type 'x64'
C:\Users\G019382n\Documents\GitHub\IntroToGraphicsProgramming\x64\Debug\G019382N-IntroGraphicsProgramming.exe : fatal error LNK1120: 21 unresolved externals
