c:\users\g019382n\documents\github\introtographicsprogramming\g019382n-intrographicsprogramming\debug\vc143.pdb
c:\users\g019382n\documents\github\introtographicsprogramming\g019382n-intrographicsprogramming\debug\vc143.idb
c:\users\g019382n\documents\github\introtographicsprogramming\g019382n-intrographicsprogramming\debug\spherecollider.obj
c:\users\g019382n\documents\github\introtographicsprogramming\g019382n-intrographicsprogramming\debug\sphere.obj
c:\users\g019382n\documents\github\introtographicsprogramming\g019382n-intrographicsprogramming\debug\sceneobject.obj
c:\users\g019382n\documents\github\introtographicsprogramming\g019382n-intrographicsprogramming\debug\renderer3d.obj
c:\users\g019382n\documents\github\introtographicsprogramming\g019382n-intrographicsprogramming\debug\modelloader.obj
c:\users\g019382n\documents\github\introtographicsprogramming\g019382n-intrographicsprogramming\debug\mesh.obj
c:\users\g019382n\documents\github\introtographicsprogramming\g019382n-intrographicsprogramming\debug\mathutils.obj
c:\users\g019382n\documents\github\introtographicsprogramming\g019382n-intrographicsprogramming\debug\main.obj
c:\users\g019382n\documents\github\introtographicsprogramming\g019382n-intrographicsprogramming\debug\lightingmanager.obj
c:\users\g019382n\documents\github\introtographicsprogramming\g019382n-intrographicsprogramming\debug\imagereader.obj
c:\users\g019382n\documents\github\introtographicsprogramming\g019382n-intrographicsprogramming\debug\glutcallbacks.obj
c:\users\g019382n\documents\github\introtographicsprogramming\g019382n-intrographicsprogramming\debug\globject.obj
c:\users\g019382n\documents\github\introtographicsprogramming\g019382n-intrographicsprogramming\debug\gl3d.obj
c:\users\g019382n\documents\github\introtographicsprogramming\g019382n-intrographicsprogramming\debug\gl2d.obj
c:\users\g019382n\documents\github\introtographicsprogramming\g019382n-intrographicsprogramming\debug\eventhandler.obj
c:\users\g019382n\documents\github\introtographicsprogramming\g019382n-intrographicsprogramming\debug\collider.obj
c:\users\g019382n\documents\github\introtographicsprogramming\g019382n-intrographicsprogramming\debug\camera.obj
c:\users\g019382n\documents\github\introtographicsprogramming\g019382n-intrographicsprogramming\debug\scenemanager.obj
c:\users\g019382n\documents\github\introtographicsprogramming\debug\g019382n-intrographicsprogramming.exe
c:\users\g019382n\documents\github\introtographicsprogramming\g019382n-intrographicsprogramming\debug\g019382n-intrographicsprogramming.ilk
c:\users\g019382n\documents\github\introtographicsprogramming\debug\g019382n-intrographicsprogramming.pdb
c:\users\g019382n\documents\github\introtographicsprogramming\g019382n-intrographicsprogramming\debug\main.obj.enc
c:\users\g019382n\documents\github\introtographicsprogramming\g019382n-intrographicsprogramming\debug\sceneobject.obj.enc
c:\users\g019382n\documents\github\introtographicsprogramming\g019382n-intrographicsprogramming\debug\sphere.obj.enc
c:\users\g019382n\documents\github\introtographicsprogramming\g019382n-intrographicsprogramming\debug\g019382n.205882a0.tlog\cl.command.1.tlog
c:\users\g019382n\documents\github\introtographicsprogramming\g019382n-intrographicsprogramming\debug\g019382n.205882a0.tlog\cl.items.tlog
c:\users\g019382n\documents\github\introtographicsprogramming\g019382n-intrographicsprogramming\debug\g019382n.205882a0.tlog\cl.read.1.tlog
c:\users\g019382n\documents\github\introtographicsprogramming\g019382n-intrographicsprogramming\debug\g019382n.205882a0.tlog\cl.write.1.tlog
c:\users\g019382n\documents\github\introtographicsprogramming\g019382n-intrographicsprogramming\debug\g019382n.205882a0.tlog\link.command.1.tlog
c:\users\g019382n\documents\github\introtographicsprogramming\g019382n-intrographicsprogramming\debug\g019382n.205882a0.tlog\link.read.1.tlog
c:\users\g019382n\documents\github\introtographicsprogramming\g019382n-intrographicsprogramming\debug\g019382n.205882a0.tlog\link.write.1.tlog
