c:\users\samgr\source\repos\wormegaconsole\introtographicsprogramming\g019382n-intrographicsprogramming\release\vc143.pdb
c:\users\samgr\source\repos\wormegaconsole\introtographicsprogramming\g019382n-intrographicsprogramming\release\renderer3d.obj
c:\users\samgr\source\repos\wormegaconsole\introtographicsprogramming\g019382n-intrographicsprogramming\release\modelloader.obj
c:\users\samgr\source\repos\wormegaconsole\introtographicsprogramming\g019382n-intrographicsprogramming\release\mesh.obj
c:\users\samgr\source\repos\wormegaconsole\introtographicsprogramming\g019382n-intrographicsprogramming\release\mathutils.obj
c:\users\samgr\source\repos\wormegaconsole\introtographicsprogramming\g019382n-intrographicsprogramming\release\main.obj
c:\users\samgr\source\repos\wormegaconsole\introtographicsprogramming\g019382n-intrographicsprogramming\release\imagereader.obj
c:\users\samgr\source\repos\wormegaconsole\introtographicsprogramming\g019382n-intrographicsprogramming\release\glutcallbacks.obj
c:\users\samgr\source\repos\wormegaconsole\introtographicsprogramming\g019382n-intrographicsprogramming\release\globject.obj
c:\users\samgr\source\repos\wormegaconsole\introtographicsprogramming\g019382n-intrographicsprogramming\release\gl3d.obj
c:\users\samgr\source\repos\wormegaconsole\introtographicsprogramming\g019382n-intrographicsprogramming\release\gl2d.obj
c:\users\samgr\source\repos\wormegaconsole\introtographicsprogramming\g019382n-intrographicsprogramming\release\eventhandler.obj
c:\users\samgr\source\repos\wormegaconsole\introtographicsprogramming\release\g019382n-intrographicsprogramming.exe
c:\users\samgr\source\repos\wormegaconsole\introtographicsprogramming\g019382n-intrographicsprogramming\release\g019382n-intrographicsprogramming.ipdb
c:\users\samgr\source\repos\wormegaconsole\introtographicsprogramming\g019382n-intrographicsprogramming\release\g019382n-intrographicsprogramming.iobj
c:\users\samgr\source\repos\wormegaconsole\introtographicsprogramming\release\g019382n-intrographicsprogramming.pdb
c:\users\samgr\source\repos\wormegaconsole\introtographicsprogramming\g019382n-intrographicsprogramming\release\g019382n.205882a0.tlog\cl.command.1.tlog
c:\users\samgr\source\repos\wormegaconsole\introtographicsprogramming\g019382n-intrographicsprogramming\release\g019382n.205882a0.tlog\cl.items.tlog
c:\users\samgr\source\repos\wormegaconsole\introtographicsprogramming\g019382n-intrographicsprogramming\release\g019382n.205882a0.tlog\cl.read.1.tlog
c:\users\samgr\source\repos\wormegaconsole\introtographicsprogramming\g019382n-intrographicsprogramming\release\g019382n.205882a0.tlog\cl.write.1.tlog
c:\users\samgr\source\repos\wormegaconsole\introtographicsprogramming\g019382n-intrographicsprogramming\release\g019382n.205882a0.tlog\link.command.1.tlog
c:\users\samgr\source\repos\wormegaconsole\introtographicsprogramming\g019382n-intrographicsprogramming\release\g019382n.205882a0.tlog\link.read.1.tlog
c:\users\samgr\source\repos\wormegaconsole\introtographicsprogramming\g019382n-intrographicsprogramming\release\g019382n.205882a0.tlog\link.write.1.tlog
